Using pre-set license
Built from '2020.3/staging' branch; Version is '2020.3.0f1 (c7b5465681fb) revision 13088070'; Using compiler version '192528614'; Build Type 'Release'
OS: 'Windows 10 Pro; OS build 19042.867; Version 2009; 64bit' Language: 'en' Physical Memory: 65373 MB
BatchMode: 1, IsHumanControllingUs: 0, StartBugReporterOnCrash: 0, Is64bit: 1, IsPro: 0

 COMMAND LINE ARGUMENTS:
D:\Program Files\Unity\Hub\Editor\2020.3.0f1\Editor\Unity.exe
-adb2
-batchMode
-noUpm
-name
AssetImportWorker0
-projectPath
D:/git/bugs/SubAssetOrder
-logFile
Logs/AssetImportWorker0.log
-srvPort
52353
Successfully changed project path to: D:/git/bugs/SubAssetOrder
D:/git/bugs/SubAssetOrder
Using Asset Import Pipeline V2.
Refreshing native plugins compatible for Editor in 34.58 ms, found 0 plugins.
Preloading 0 native plugins for Editor in 0.00 ms.
Initialize engine version: 2020.3.0f1 (c7b5465681fb)
[Subsystems] Discovering subsystems at path D:/Program Files/Unity/Hub/Editor/2020.3.0f1/Editor/Data/Resources/UnitySubsystems
[Subsystems] Discovering subsystems at path D:/git/bugs/SubAssetOrder/Assets
GfxDevice: creating device client; threaded=0
Direct3D:
    Version:  Direct3D 11.0 [level 11.1]
    Renderer: NVIDIA GeForce RTX 2070 with Max-Q Design (ID=0x1f10)
    Vendor:   
    VRAM:     8031 MB
    Driver:   27.21.14.6192
Initialize mono
Mono path[0] = 'D:/Program Files/Unity/Hub/Editor/2020.3.0f1/Editor/Data/Managed'
Mono path[1] = 'D:/Program Files/Unity/Hub/Editor/2020.3.0f1/Editor/Data/MonoBleedingEdge/lib/mono/unityjit'
Mono config path = 'D:/Program Files/Unity/Hub/Editor/2020.3.0f1/Editor/Data/MonoBleedingEdge/etc'
Using monoOptions --debugger-agent=transport=dt_socket,embedding=1,server=y,suspend=n,address=127.0.0.1:56936
Begin MonoManager ReloadAssembly
Registering precompiled unity dll's ...
Register platform support module: D:/Program Files/Unity/Hub/Editor/2020.3.0f1/Editor/Data/PlaybackEngines/WindowsStandaloneSupport/UnityEditor.WindowsStandalone.Extensions.dll
Registered in 0.001608 seconds.
Native extension for WindowsStandalone target not found
Refreshing native plugins compatible for Editor in 36.31 ms, found 0 plugins.
Preloading 0 native plugins for Editor in 0.00 ms.
Invoked RoslynAnalysisRunner static constructor.
RoslynAnalysisRunner will not be running.
RoslynAnalysisRunner has terminated.
Mono: successfully reloaded assembly
- Completed reload, in  1.614 seconds
Platform modules already initialized, skipping
Registering precompiled user dll's ...
Registered in 0.000999 seconds.
Begin MonoManager ReloadAssembly
Native extension for WindowsStandalone target not found
Refreshing native plugins compatible for Editor in 0.25 ms, found 0 plugins.
Preloading 0 native plugins for Editor in 0.00 ms.
Invoked RoslynAnalysisRunner static constructor.
RoslynAnalysisRunner will not be running.
RoslynAnalysisRunner has terminated.
Mono: successfully reloaded assembly
- Completed reload, in  1.340 seconds
Platform modules already initialized, skipping
========================================================================
Worker process is ready to serve import requests
Launched and connected shader compiler UnityShaderCompiler.exe after 0.09 seconds
Refreshing native plugins compatible for Editor in 0.42 ms, found 0 plugins.
Preloading 0 native plugins for Editor in 0.00 ms.
Unloading 1113 Unused Serialized files (Serialized files now loaded: 0)
System memory in use before: 56.8 MB.
System memory in use after: 56.9 MB.

Unloading 10 unused Assets to reduce memory usage. Loaded Objects now: 1555.
Total: 2.453000 ms (FindLiveObjects: 0.201100 ms CreateObjectMapping: 0.071700 ms MarkObjects: 2.062600 ms  DeleteObjects: 0.115900 ms)

========================================================================
Received Import Request.
  path: Assets/Scenes
  artifactKey: Guid(5e29770c2e5d2bc49821ac3ae7322a80) Importer(815301076,1909f56bfc062723c751e8b465ee728b)
Start importing Assets/Scenes using Guid(5e29770c2e5d2bc49821ac3ae7322a80) Importer(815301076,1909f56bfc062723c751e8b465ee728b)  -> (artifact id: 'd228994b61bee4f6f10581819260872b') in 0.006116 seconds
  Import took 0.008966 seconds .

========================================================================
Received Import Request.
  Time since last request: 0.000428 seconds.
  path: Assets
  artifactKey: Guid(00000000000000001000000000000000) Importer(815301076,1909f56bfc062723c751e8b465ee728b)
Start importing Assets using Guid(00000000000000001000000000000000) Importer(815301076,1909f56bfc062723c751e8b465ee728b)  -> (artifact id: '42baae205c97e3337697759514652acd') in 0.001391 seconds
  Import took 0.003550 seconds .

========================================================================
Received Import Request.
  Time since last request: 7.335417 seconds.
  path: Assets/SomeSubAsset.cs
  artifactKey: Guid(a8382376965a8db4f9755bd4ce0ee3d6) Importer(815301076,1909f56bfc062723c751e8b465ee728b)
Start importing Assets/SomeSubAsset.cs using Guid(a8382376965a8db4f9755bd4ce0ee3d6) Importer(815301076,1909f56bfc062723c751e8b465ee728b)  -> (artifact id: '56c301590a16116a8cda71e41abeb80e') in 0.043326 seconds
  Import took 0.047222 seconds .

========================================================================
Received Import Request.
  Time since last request: 0.008716 seconds.
  path: Assets/SomeSubAsset.cs
  artifactKey: Guid(a8382376965a8db4f9755bd4ce0ee3d6) Importer(815301076,1909f56bfc062723c751e8b465ee728b)
Start importing Assets/SomeSubAsset.cs using Guid(a8382376965a8db4f9755bd4ce0ee3d6) Importer(815301076,1909f56bfc062723c751e8b465ee728b)  -> (artifact id: '56c301590a16116a8cda71e41abeb80e') in 0.001406 seconds
  Import took 0.004202 seconds .

========================================================================
Received Prepare
Registering precompiled user dll's ...
Registered in 0.000750 seconds.
Begin MonoManager ReloadAssembly
Native extension for WindowsStandalone target not found
Refreshing native plugins compatible for Editor in 0.25 ms, found 0 plugins.
Preloading 0 native plugins for Editor in 0.00 ms.
Invoked RoslynAnalysisRunner static constructor.
RoslynAnalysisRunner will not be running.
RoslynAnalysisRunner has terminated.
Mono: successfully reloaded assembly
- Completed reload, in  1.268 seconds
Platform modules already initialized, skipping
Refreshing native plugins compatible for Editor in 0.34 ms, found 0 plugins.
Preloading 0 native plugins for Editor in 0.00 ms.
Unloading 1109 Unused Serialized files (Serialized files now loaded: 0)
System memory in use before: 56.8 MB.
System memory in use after: 56.9 MB.

Unloading 5 unused Assets to reduce memory usage. Loaded Objects now: 1559.
Total: 2.746300 ms (FindLiveObjects: 0.253600 ms CreateObjectMapping: 0.129600 ms MarkObjects: 2.290300 ms  DeleteObjects: 0.071000 ms)

========================================================================
Received Import Request.
  Time since last request: 9.584246 seconds.
  path: Assets/SomeAsset.cs
  artifactKey: Guid(ed93d57a9028dce4e8cd9f1205880cb5) Importer(815301076,1909f56bfc062723c751e8b465ee728b)
Start importing Assets/SomeAsset.cs using Guid(ed93d57a9028dce4e8cd9f1205880cb5) Importer(815301076,1909f56bfc062723c751e8b465ee728b)  -> (artifact id: '5a9ad98a9d3a94e7b757ad1da453b325') in 0.005739 seconds
  Import took 0.010347 seconds .

========================================================================
Received Import Request.
  Time since last request: 0.000806 seconds.
  path: Assets/SomeAsset.cs
  artifactKey: Guid(ed93d57a9028dce4e8cd9f1205880cb5) Importer(815301076,1909f56bfc062723c751e8b465ee728b)
Start importing Assets/SomeAsset.cs using Guid(ed93d57a9028dce4e8cd9f1205880cb5) Importer(815301076,1909f56bfc062723c751e8b465ee728b)  -> (artifact id: '5a9ad98a9d3a94e7b757ad1da453b325') in 0.001587 seconds
  Import took 0.005489 seconds .

========================================================================
Received Prepare
Registering precompiled user dll's ...
Registered in 0.000697 seconds.
Begin MonoManager ReloadAssembly
Native extension for WindowsStandalone target not found
Refreshing native plugins compatible for Editor in 0.27 ms, found 0 plugins.
Preloading 0 native plugins for Editor in 0.00 ms.
Invoked RoslynAnalysisRunner static constructor.
RoslynAnalysisRunner will not be running.
RoslynAnalysisRunner has terminated.
Mono: successfully reloaded assembly
- Completed reload, in  1.353 seconds
Platform modules already initialized, skipping
Refreshing native plugins compatible for Editor in 0.41 ms, found 0 plugins.
Preloading 0 native plugins for Editor in 0.00 ms.
Unloading 1110 Unused Serialized files (Serialized files now loaded: 0)
System memory in use before: 56.9 MB.
System memory in use after: 56.9 MB.

Unloading 5 unused Assets to reduce memory usage. Loaded Objects now: 1563.
Total: 2.519700 ms (FindLiveObjects: 0.162800 ms CreateObjectMapping: 0.075900 ms MarkObjects: 2.218000 ms  DeleteObjects: 0.061500 ms)

========================================================================
Received Import Request.
  Time since last request: 43.565934 seconds.
  path: Assets/Scenes/SampleScene.unity
  artifactKey: Guid(9fc0d4010bbf28b4594072e72b8655ab) Importer(815301076,1909f56bfc062723c751e8b465ee728b)
Start importing Assets/Scenes/SampleScene.unity using Guid(9fc0d4010bbf28b4594072e72b8655ab) Importer(815301076,1909f56bfc062723c751e8b465ee728b)  -> (artifact id: '777e927d0b238e2cde0f6869e17df74c') in 0.022470 seconds
  Import took 0.026735 seconds .

========================================================================
Received Prepare
Registering precompiled user dll's ...
Registered in 0.000969 seconds.
Begin MonoManager ReloadAssembly
Native extension for WindowsStandalone target not found
Refreshing native plugins compatible for Editor in 0.43 ms, found 0 plugins.
Preloading 0 native plugins for Editor in 0.00 ms.
Invoked RoslynAnalysisRunner static constructor.
RoslynAnalysisRunner will not be running.
RoslynAnalysisRunner has terminated.
Mono: successfully reloaded assembly
- Completed reload, in  2.211 seconds
Platform modules already initialized, skipping
Refreshing native plugins compatible for Editor in 0.27 ms, found 0 plugins.
Preloading 0 native plugins for Editor in 0.00 ms.
Unloading 1110 Unused Serialized files (Serialized files now loaded: 0)
System memory in use before: 56.9 MB.
System memory in use after: 57.0 MB.

Unloading 5 unused Assets to reduce memory usage. Loaded Objects now: 1566.
Total: 2.987100 ms (FindLiveObjects: 0.193000 ms CreateObjectMapping: 0.073600 ms MarkObjects: 2.619200 ms  DeleteObjects: 0.098700 ms)

========================================================================
Received Import Request.
  Time since last request: 226.535805 seconds.
  path: Assets/SomeAsset.cs
  artifactKey: Guid(ed93d57a9028dce4e8cd9f1205880cb5) Importer(815301076,1909f56bfc062723c751e8b465ee728b)
Start importing Assets/SomeAsset.cs using Guid(ed93d57a9028dce4e8cd9f1205880cb5) Importer(815301076,1909f56bfc062723c751e8b465ee728b)  -> (artifact id: 'b7a540f15e1326ee748ec6187cf005d4') in 0.006164 seconds
  Import took 0.011819 seconds .

========================================================================
Received Import Request.
  Time since last request: 41.038719 seconds.
  path: Assets/SomeAsset.cs
  artifactKey: Guid(ed93d57a9028dce4e8cd9f1205880cb5) Importer(815301076,1909f56bfc062723c751e8b465ee728b)
Start importing Assets/SomeAsset.cs using Guid(ed93d57a9028dce4e8cd9f1205880cb5) Importer(815301076,1909f56bfc062723c751e8b465ee728b)  -> (artifact id: '85714c5ea29e327b094477c9a3b294ba') in 0.001382 seconds
  Import took 0.003715 seconds .

========================================================================
Received Import Request.
  Time since last request: 0.048407 seconds.
  path: Assets/SomeAsset.cs
  artifactKey: Guid(ed93d57a9028dce4e8cd9f1205880cb5) Importer(815301076,1909f56bfc062723c751e8b465ee728b)
Start importing Assets/SomeAsset.cs using Guid(ed93d57a9028dce4e8cd9f1205880cb5) Importer(815301076,1909f56bfc062723c751e8b465ee728b)  -> (artifact id: '85714c5ea29e327b094477c9a3b294ba') in 0.001408 seconds
  Import took 0.004177 seconds .

========================================================================
Received Prepare
Registering precompiled user dll's ...
Registered in 0.000705 seconds.
Begin MonoManager ReloadAssembly
Native extension for WindowsStandalone target not found
Refreshing native plugins compatible for Editor in 0.27 ms, found 0 plugins.
Preloading 0 native plugins for Editor in 0.00 ms.
Invoked RoslynAnalysisRunner static constructor.
RoslynAnalysisRunner will not be running.
RoslynAnalysisRunner has terminated.
Mono: successfully reloaded assembly
- Completed reload, in  1.591 seconds
Platform modules already initialized, skipping
Refreshing native plugins compatible for Editor in 0.27 ms, found 0 plugins.
Preloading 0 native plugins for Editor in 0.00 ms.
Unloading 1110 Unused Serialized files (Serialized files now loaded: 0)
System memory in use before: 56.9 MB.
System memory in use after: 57.0 MB.

Unloading 5 unused Assets to reduce memory usage. Loaded Objects now: 1569.
Total: 4.648900 ms (FindLiveObjects: 0.387800 ms CreateObjectMapping: 0.070100 ms MarkObjects: 4.093500 ms  DeleteObjects: 0.094200 ms)

========================================================================
Received Import Request.
  Time since last request: 11.030363 seconds.
  path: Assets/New Some Asset.asset
  artifactKey: Guid(8c878acad68d3c647a188d7119de4fec) Importer(815301076,1909f56bfc062723c751e8b465ee728b)
Start importing Assets/New Some Asset.asset using Guid(8c878acad68d3c647a188d7119de4fec) Importer(815301076,1909f56bfc062723c751e8b465ee728b)  -> (artifact id: 'f14bba84532812641871f9563860b1dd') in 0.023622 seconds
  Import took 0.026490 seconds .

========================================================================
Received Import Request.
  Time since last request: 0.000874 seconds.
  path: Assets/New Some Asset.asset
  artifactKey: Guid(8c878acad68d3c647a188d7119de4fec) Importer(815301076,1909f56bfc062723c751e8b465ee728b)
Start importing Assets/New Some Asset.asset using Guid(8c878acad68d3c647a188d7119de4fec) Importer(815301076,1909f56bfc062723c751e8b465ee728b)  -> (artifact id: 'f14bba84532812641871f9563860b1dd') in 0.001991 seconds
  Import took 0.004443 seconds .

========================================================================
Received Import Request.
  Time since last request: 3.133589 seconds.
  path: Assets/Some Asset.asset
  artifactKey: Guid(8c878acad68d3c647a188d7119de4fec) Importer(815301076,1909f56bfc062723c751e8b465ee728b)
Start importing Assets/Some Asset.asset using Guid(8c878acad68d3c647a188d7119de4fec) Importer(815301076,1909f56bfc062723c751e8b465ee728b)  -> (artifact id: '19c189bdb30c9b6bb0ee52624ac806b6') in 0.002053 seconds
  Import took 0.005066 seconds .

========================================================================
Received Import Request.
  Time since last request: 0.543774 seconds.
  path: Assets/Some Asset.asset
  artifactKey: Guid(8c878acad68d3c647a188d7119de4fec) Importer(815301076,1909f56bfc062723c751e8b465ee728b)
Start importing Assets/Some Asset.asset using Guid(8c878acad68d3c647a188d7119de4fec) Importer(815301076,1909f56bfc062723c751e8b465ee728b)  -> (artifact id: 'da83663388e6bdd534de0593db0c4762') in 0.002283 seconds
  Import took 0.005219 seconds .

========================================================================
Received Import Request.
  Time since last request: 0.000718 seconds.
  path: Assets/Some Asset.asset
  artifactKey: Guid(8c878acad68d3c647a188d7119de4fec) Importer(815301076,1909f56bfc062723c751e8b465ee728b)
Start importing Assets/Some Asset.asset using Guid(8c878acad68d3c647a188d7119de4fec) Importer(815301076,1909f56bfc062723c751e8b465ee728b)  -> (artifact id: 'da83663388e6bdd534de0593db0c4762') in 0.002634 seconds
  Import took 0.006059 seconds .

========================================================================
Received Prepare
Registering precompiled user dll's ...
Registered in 0.000722 seconds.
Begin MonoManager ReloadAssembly
Native extension for WindowsStandalone target not found
Refreshing native plugins compatible for Editor in 0.26 ms, found 0 plugins.
Preloading 0 native plugins for Editor in 0.00 ms.
Invoked RoslynAnalysisRunner static constructor.
RoslynAnalysisRunner will not be running.
RoslynAnalysisRunner has terminated.
Mono: successfully reloaded assembly
- Completed reload, in  1.213 seconds
Platform modules already initialized, skipping
Refreshing native plugins compatible for Editor in 0.27 ms, found 0 plugins.
Preloading 0 native plugins for Editor in 0.00 ms.
Unloading 1110 Unused Serialized files (Serialized files now loaded: 0)
System memory in use before: 56.9 MB.
System memory in use after: 57.0 MB.

Unloading 5 unused Assets to reduce memory usage. Loaded Objects now: 1572.
Total: 3.028900 ms (FindLiveObjects: 0.625000 ms CreateObjectMapping: 0.246000 ms MarkObjects: 2.081700 ms  DeleteObjects: 0.073300 ms)

========================================================================
Received Import Request.
  Time since last request: 120.739072 seconds.
  path: Assets/Some Asset.asset
  artifactKey: Guid(8c878acad68d3c647a188d7119de4fec) Importer(815301076,1909f56bfc062723c751e8b465ee728b)
Start importing Assets/Some Asset.asset using Guid(8c878acad68d3c647a188d7119de4fec) Importer(815301076,1909f56bfc062723c751e8b465ee728b)  -> (artifact id: '374e4114f7b2368c5f7dee9f9856adc2') in 0.017660 seconds
  Import took 0.021486 seconds .

========================================================================
Received Import Request.
  Time since last request: 0.002468 seconds.
  path: Assets/Some Asset.asset
  artifactKey: Guid(8c878acad68d3c647a188d7119de4fec) Importer(815301076,1909f56bfc062723c751e8b465ee728b)
Start importing Assets/Some Asset.asset using Guid(8c878acad68d3c647a188d7119de4fec) Importer(815301076,1909f56bfc062723c751e8b465ee728b)  -> (artifact id: '374e4114f7b2368c5f7dee9f9856adc2') in 0.003568 seconds
  Import took 0.006100 seconds .

========================================================================
Received Import Request.
  Time since last request: 7.304227 seconds.
  path: Assets/Some Asset.asset
  artifactKey: Guid(8c878acad68d3c647a188d7119de4fec) Importer(815301076,1909f56bfc062723c751e8b465ee728b)
Start importing Assets/Some Asset.asset using Guid(8c878acad68d3c647a188d7119de4fec) Importer(815301076,1909f56bfc062723c751e8b465ee728b)  -> (artifact id: '340d013f7db96079684b1ccb1a569775') in 0.003835 seconds
  Import took 0.006607 seconds .

========================================================================
Received Prepare
Registering precompiled user dll's ...
Registered in 0.001228 seconds.
Begin MonoManager ReloadAssembly
Native extension for WindowsStandalone target not found
Refreshing native plugins compatible for Editor in 0.27 ms, found 0 plugins.
Preloading 0 native plugins for Editor in 0.00 ms.
Invoked RoslynAnalysisRunner static constructor.
RoslynAnalysisRunner will not be running.
RoslynAnalysisRunner has terminated.
Mono: successfully reloaded assembly
- Completed reload, in  1.230 seconds
Platform modules already initialized, skipping
Refreshing native plugins compatible for Editor in 0.26 ms, found 0 plugins.
Preloading 0 native plugins for Editor in 0.00 ms.
Unloading 1110 Unused Serialized files (Serialized files now loaded: 0)
System memory in use before: 56.9 MB.
System memory in use after: 57.0 MB.

Unloading 5 unused Assets to reduce memory usage. Loaded Objects now: 1575.
Total: 2.398000 ms (FindLiveObjects: 0.157000 ms CreateObjectMapping: 0.064400 ms MarkObjects: 2.109500 ms  DeleteObjects: 0.065500 ms)

========================================================================
Received Prepare
Registering precompiled user dll's ...
Registered in 0.000945 seconds.
Begin MonoManager ReloadAssembly
Native extension for WindowsStandalone target not found
Refreshing native plugins compatible for Editor in 0.26 ms, found 0 plugins.
Preloading 0 native plugins for Editor in 0.00 ms.
Invoked RoslynAnalysisRunner static constructor.
RoslynAnalysisRunner will not be running.
RoslynAnalysisRunner has terminated.
Mono: successfully reloaded assembly
- Completed reload, in  1.240 seconds
Platform modules already initialized, skipping
Refreshing native plugins compatible for Editor in 0.27 ms, found 0 plugins.
Preloading 0 native plugins for Editor in 0.00 ms.
Unloading 1110 Unused Serialized files (Serialized files now loaded: 0)
System memory in use before: 56.9 MB.
System memory in use after: 57.0 MB.

Unloading 5 unused Assets to reduce memory usage. Loaded Objects now: 1578.
Total: 2.311900 ms (FindLiveObjects: 0.222600 ms CreateObjectMapping: 0.045900 ms MarkObjects: 1.975700 ms  DeleteObjects: 0.065500 ms)

========================================================================
Received Import Request.
  Time since last request: 28.361190 seconds.
  path: Assets/Some Asset.asset
  artifactKey: Guid(8c878acad68d3c647a188d7119de4fec) Importer(815301076,1909f56bfc062723c751e8b465ee728b)
Start importing Assets/Some Asset.asset using Guid(8c878acad68d3c647a188d7119de4fec) Importer(815301076,1909f56bfc062723c751e8b465ee728b)  -> (artifact id: '2488a07fe27cdb652e7ad075ce5fd808') in 0.020645 seconds
  Import took 0.023290 seconds .

========================================================================
Received Import Request.
  Time since last request: 0.001930 seconds.
  path: Assets/Some Asset.asset
  artifactKey: Guid(8c878acad68d3c647a188d7119de4fec) Importer(815301076,1909f56bfc062723c751e8b465ee728b)
Start importing Assets/Some Asset.asset using Guid(8c878acad68d3c647a188d7119de4fec) Importer(815301076,1909f56bfc062723c751e8b465ee728b)  -> (artifact id: '2488a07fe27cdb652e7ad075ce5fd808') in 0.006529 seconds
  Import took 0.009455 seconds .

========================================================================
Received Prepare
Registering precompiled user dll's ...
Registered in 0.000715 seconds.
Begin MonoManager ReloadAssembly
Native extension for WindowsStandalone target not found
Refreshing native plugins compatible for Editor in 0.29 ms, found 0 plugins.
Preloading 0 native plugins for Editor in 0.00 ms.
Invoked RoslynAnalysisRunner static constructor.
RoslynAnalysisRunner will not be running.
RoslynAnalysisRunner has terminated.
Mono: successfully reloaded assembly
- Completed reload, in  1.248 seconds
Platform modules already initialized, skipping
Refreshing native plugins compatible for Editor in 0.27 ms, found 0 plugins.
Preloading 0 native plugins for Editor in 0.00 ms.
Unloading 1110 Unused Serialized files (Serialized files now loaded: 0)
System memory in use before: 56.9 MB.
System memory in use after: 57.0 MB.

Unloading 5 unused Assets to reduce memory usage. Loaded Objects now: 1581.
Total: 2.388700 ms (FindLiveObjects: 0.167200 ms CreateObjectMapping: 0.064200 ms MarkObjects: 2.097000 ms  DeleteObjects: 0.058700 ms)

========================================================================
Received Import Request.
  Time since last request: 55.844307 seconds.
  path: Assets/Some Asset.asset
  artifactKey: Guid(8c878acad68d3c647a188d7119de4fec) Importer(815301076,1909f56bfc062723c751e8b465ee728b)
Start importing Assets/Some Asset.asset using Guid(8c878acad68d3c647a188d7119de4fec) Importer(815301076,1909f56bfc062723c751e8b465ee728b)  -> (artifact id: 'f77b7c0fddf689a90faf4f7b3c1f6be8') in 0.017729 seconds
  Import took 0.020542 seconds .

========================================================================
Received Prepare
Registering precompiled user dll's ...
Registered in 0.001076 seconds.
Begin MonoManager ReloadAssembly
Native extension for WindowsStandalone target not found
Refreshing native plugins compatible for Editor in 0.25 ms, found 0 plugins.
Preloading 0 native plugins for Editor in 0.00 ms.
Invoked RoslynAnalysisRunner static constructor.
RoslynAnalysisRunner will not be running.
RoslynAnalysisRunner has terminated.
Mono: successfully reloaded assembly
- Completed reload, in  1.244 seconds
Platform modules already initialized, skipping
Refreshing native plugins compatible for Editor in 0.28 ms, found 0 plugins.
Preloading 0 native plugins for Editor in 0.00 ms.
Unloading 1110 Unused Serialized files (Serialized files now loaded: 0)
System memory in use before: 56.9 MB.
System memory in use after: 57.0 MB.

Unloading 5 unused Assets to reduce memory usage. Loaded Objects now: 1584.
Total: 2.386900 ms (FindLiveObjects: 0.237200 ms CreateObjectMapping: 0.050800 ms MarkObjects: 2.036000 ms  DeleteObjects: 0.061000 ms)

========================================================================
Received Import Request.
  Time since last request: 24.244155 seconds.
  path: Assets/Some Asset.asset
  artifactKey: Guid(8c878acad68d3c647a188d7119de4fec) Importer(815301076,1909f56bfc062723c751e8b465ee728b)
Start importing Assets/Some Asset.asset using Guid(8c878acad68d3c647a188d7119de4fec) Importer(815301076,1909f56bfc062723c751e8b465ee728b)  -> (artifact id: '8b5b87dfb6bfacb0c8d38659bb1fc7cb') in 0.019657 seconds
  Import took 0.022687 seconds .

========================================================================
Received Import Request.
  Time since last request: 0.004333 seconds.
  path: Assets/Some Asset.asset
  artifactKey: Guid(8c878acad68d3c647a188d7119de4fec) Importer(815301076,1909f56bfc062723c751e8b465ee728b)
Start importing Assets/Some Asset.asset using Guid(8c878acad68d3c647a188d7119de4fec) Importer(815301076,1909f56bfc062723c751e8b465ee728b)  -> (artifact id: '8b5b87dfb6bfacb0c8d38659bb1fc7cb') in 0.003387 seconds
  Import took 0.006195 seconds .

========================================================================
Received Import Request.
  Time since last request: 31.523389 seconds.
  path: Assets/Some Asset.asset
  artifactKey: Guid(8c878acad68d3c647a188d7119de4fec) Importer(815301076,1909f56bfc062723c751e8b465ee728b)
Start importing Assets/Some Asset.asset using Guid(8c878acad68d3c647a188d7119de4fec) Importer(815301076,1909f56bfc062723c751e8b465ee728b)  -> (artifact id: 'bc3f21ef0099a1ebce8d7335b51a68ca') in 0.004863 seconds
  Import took 0.007397 seconds .

========================================================================
Received Import Request.
  Time since last request: 37.252459 seconds.
  path: Assets/Some Asset.asset
  artifactKey: Guid(8c878acad68d3c647a188d7119de4fec) Importer(815301076,1909f56bfc062723c751e8b465ee728b)
Start importing Assets/Some Asset.asset using Guid(8c878acad68d3c647a188d7119de4fec) Importer(815301076,1909f56bfc062723c751e8b465ee728b)  -> (artifact id: 'c6323c91e90ffaed1ccd29f2425df234') in 0.002344 seconds
  Import took 0.005419 seconds .

========================================================================
Received Import Request.
  Time since last request: 0.013190 seconds.
  path: Assets/Some Asset.asset
  artifactKey: Guid(8c878acad68d3c647a188d7119de4fec) Importer(815301076,1909f56bfc062723c751e8b465ee728b)
Start importing Assets/Some Asset.asset using Guid(8c878acad68d3c647a188d7119de4fec) Importer(815301076,1909f56bfc062723c751e8b465ee728b)  -> (artifact id: 'c6323c91e90ffaed1ccd29f2425df234') in 0.002121 seconds
  Import took 0.005203 seconds .

========================================================================
Received Prepare
Registering precompiled user dll's ...
Registered in 0.000816 seconds.
Begin MonoManager ReloadAssembly
Native extension for WindowsStandalone target not found
Refreshing native plugins compatible for Editor in 0.25 ms, found 0 plugins.
Preloading 0 native plugins for Editor in 0.00 ms.
Invoked RoslynAnalysisRunner static constructor.
RoslynAnalysisRunner will not be running.
RoslynAnalysisRunner has terminated.
Mono: successfully reloaded assembly
- Completed reload, in  1.228 seconds
Platform modules already initialized, skipping
Refreshing native plugins compatible for Editor in 0.39 ms, found 0 plugins.
Preloading 0 native plugins for Editor in 0.00 ms.
Unloading 1110 Unused Serialized files (Serialized files now loaded: 0)
System memory in use before: 56.9 MB.
System memory in use after: 57.0 MB.

Unloading 5 unused Assets to reduce memory usage. Loaded Objects now: 1587.
Total: 2.273600 ms (FindLiveObjects: 0.209700 ms CreateObjectMapping: 0.052300 ms MarkObjects: 1.938900 ms  DeleteObjects: 0.071100 ms)

========================================================================
Received Import Request.
  Time since last request: 35.280526 seconds.
  path: Assets/Some Asset.asset
  artifactKey: Guid(8c878acad68d3c647a188d7119de4fec) Importer(815301076,1909f56bfc062723c751e8b465ee728b)
Start importing Assets/Some Asset.asset using Guid(8c878acad68d3c647a188d7119de4fec) Importer(815301076,1909f56bfc062723c751e8b465ee728b)  -> (artifact id: '304f0940e03193d6aedbd523efcdad72') in 0.021066 seconds
  Import took 0.024001 seconds .

========================================================================
Received Import Request.
  Time since last request: 0.009883 seconds.
  path: Assets/Some Asset.asset
  artifactKey: Guid(8c878acad68d3c647a188d7119de4fec) Importer(815301076,1909f56bfc062723c751e8b465ee728b)
Start importing Assets/Some Asset.asset using Guid(8c878acad68d3c647a188d7119de4fec) Importer(815301076,1909f56bfc062723c751e8b465ee728b)  -> (artifact id: '304f0940e03193d6aedbd523efcdad72') in 0.003428 seconds
  Import took 0.006274 seconds .

========================================================================
Received Import Request.
  Time since last request: 1.505735 seconds.
  path: Assets/Some Asset.asset
  artifactKey: Guid(8c878acad68d3c647a188d7119de4fec) Importer(815301076,1909f56bfc062723c751e8b465ee728b)
Start importing Assets/Some Asset.asset using Guid(8c878acad68d3c647a188d7119de4fec) Importer(815301076,1909f56bfc062723c751e8b465ee728b)  -> (artifact id: '3e0e3a9457c04e7bb9fab42cdc3c1c97') in 0.003313 seconds
  Import took 0.005910 seconds .

========================================================================
Received Import Request.
  Time since last request: 0.013077 seconds.
  path: Assets/Some Asset.asset
  artifactKey: Guid(8c878acad68d3c647a188d7119de4fec) Importer(815301076,1909f56bfc062723c751e8b465ee728b)
Start importing Assets/Some Asset.asset using Guid(8c878acad68d3c647a188d7119de4fec) Importer(815301076,1909f56bfc062723c751e8b465ee728b)  -> (artifact id: '3e0e3a9457c04e7bb9fab42cdc3c1c97') in 0.003571 seconds
  Import took 0.006132 seconds .

========================================================================
Received Import Request.
  Time since last request: 15.976530 seconds.
  path: Assets/Some Asset.asset
  artifactKey: Guid(8c878acad68d3c647a188d7119de4fec) Importer(815301076,1909f56bfc062723c751e8b465ee728b)
Start importing Assets/Some Asset.asset using Guid(8c878acad68d3c647a188d7119de4fec) Importer(815301076,1909f56bfc062723c751e8b465ee728b)  -> (artifact id: '8af5c7b1c2572858c36f5c97245e7f16') in 0.003343 seconds
  Import took 0.005843 seconds .

========================================================================
Received Import Request.
  Time since last request: 0.011807 seconds.
  path: Assets/Some Asset.asset
  artifactKey: Guid(8c878acad68d3c647a188d7119de4fec) Importer(815301076,1909f56bfc062723c751e8b465ee728b)
Start importing Assets/Some Asset.asset using Guid(8c878acad68d3c647a188d7119de4fec) Importer(815301076,1909f56bfc062723c751e8b465ee728b)  -> (artifact id: '8af5c7b1c2572858c36f5c97245e7f16') in 0.005336 seconds
  Import took 0.008126 seconds .

========================================================================
Received Import Request.
  Time since last request: 42.506990 seconds.
  path: Assets/Some Asset.asset
  artifactKey: Guid(8c878acad68d3c647a188d7119de4fec) Importer(815301076,1909f56bfc062723c751e8b465ee728b)
Start importing Assets/Some Asset.asset using Guid(8c878acad68d3c647a188d7119de4fec) Importer(815301076,1909f56bfc062723c751e8b465ee728b)  -> (artifact id: '0769b5149402307bef530f807bf5252a') in 0.003387 seconds
  Import took 0.005979 seconds .

========================================================================
Received Import Request.
  Time since last request: 0.012092 seconds.
  path: Assets/Some Asset.asset
  artifactKey: Guid(8c878acad68d3c647a188d7119de4fec) Importer(815301076,1909f56bfc062723c751e8b465ee728b)
Start importing Assets/Some Asset.asset using Guid(8c878acad68d3c647a188d7119de4fec) Importer(815301076,1909f56bfc062723c751e8b465ee728b)  -> (artifact id: '0769b5149402307bef530f807bf5252a') in 0.003146 seconds
  Import took 0.005563 seconds .

